<?xml version="1.0" encoding="UTF-8"?>
<testsuite xmlns:xsi="http://www.w3.org/2001/XMLSchema-instance" xsi:noNamespaceSchemaLocation="https://maven.apache.org/surefire/maven-surefire-plugin/xsd/surefire-test-report-3.0.xsd" version="3.0" name="TestSuite" time="64.864" tests="1" errors="0" skipped="0" failures="0">
  <properties>
[...]
</properties>
  <testcase name="signup" classname="mobile.Tests.Test02_Signup" time="14.733">
    <system-out><![CDATA[✅ BaseTest.setUp CALLED
✅ APK resolved path = C:\Users\LENOVO\Desktop\QA_Plateforme\mobile\android-appium-testng\src\test\resources\apps\QAcart-To-Do.apk
🔥 CAPABILITIES = {appium:noReset=false, appium:udid=emulator-5554, appium:autoGrantPermissions=true, appium:newCommandTimeout=120, appium:deviceName=Android Emulator, platformName=ANDROID, appium:automationName=UiAutomator2, appium:app=C:\Users\LENOVO\Desktop\QA_Plateforme\mobile\android-appium-testng\src\test\resources\apps\QAcart-To-Do.apk}
✅ Driver created = AndroidDriver:  on ANDROID (74d39bac-e2a1-4614-9338-4833d9889da9)
]]></system-out>
  </testcase>
</testsuite>