<?xml version="1.0" encoding="UTF-8"?>
<testng-results ignored="0" total="1" passed="1" failed="0" skipped="0">
  <reporter-output>
  </reporter-output>
  <suite started-at="2026-02-22T20:02:45 CET" name="Mobile Suite" finished-at="2026-02-22T20:03:45 CET" duration-ms="60028">
    <groups>
      <group name="regression">
        <method signature="Test02_Signup.signup()[pri:0, instance:mobile.Tests.Test02_Signup@72c8e7b]" name="signup" class="mobile.Tests.Test02_Signup"/>
      </group> <!-- regression -->
      <group name="quarantine">
        <method signature="Test02_Signup.signup()[pri:0, instance:mobile.Tests.Test02_Signup@72c8e7b]" name="signup" class="mobile.Tests.Test02_Signup"/>
      </group> <!-- quarantine -->
    </groups>
    <test started-at="2026-02-22T20:02:45 CET" name="ALL" finished-at="2026-02-22T20:03:45 CET" duration-ms="60028">
      <class name="mobile.Tests.Test02_Signup">
        <test-method is-config="true" signature="setUp()[pri:0, instance:mobile.Tests.Test02_Signup@72c8e7b]" started-at="2026-02-22T20:02:45 CET" name="setUp" finished-at="2026-02-22T20:03:23 CET" duration-ms="37397" status="PASS">
          <reporter-output>
          </reporter-output>
        </test-method> <!-- setUp -->
        <test-method signature="signup()[pri:0, instance:mobile.Tests.Test02_Signup@72c8e7b]" started-at="2026-02-22T20:03:23 CET" name="signup" finished-at="2026-02-22T20:03:38 CET" duration-ms="14695" status="PASS">
          <reporter-output>
          </reporter-output>
        </test-method> <!-- signup -->
        <test-method is-config="true" signature="tearDown()[pri:0, instance:mobile.Tests.Test02_Signup@72c8e7b]" started-at="2026-02-22T20:03:38 CET" name="tearDown" finished-at="2026-02-22T20:03:45 CET" duration-ms="7225" status="PASS">
          <reporter-output>
          </reporter-output>
        </test-method> <!-- tearDown -->
      </class> <!-- mobile.Tests.Test02_Signup -->
    </test> <!-- ALL -->
  </suite> <!-- Mobile Suite -->
</testng-results>
