<?xml version="1.0" encoding="UTF-8"?>
<testsuite xmlns:xsi="http://www.w3.org/2001/XMLSchema-instance" xsi:noNamespaceSchemaLocation="https://maven.apache.org/surefire/maven-surefire-plugin/xsd/surefire-test-report-3.0.xsd" version="3.0" name="com.qacart.todo.steps.runners.RunnerTest" time="160.456" tests="11" errors="0" skipped="0" failures="3">
  <properties>
[...]
</properties>
  <testcase name="runScenario[&quot;User should be able delete todo&quot;, &quot;DeleteTodo Feature&quot;](1)" classname="com.qacart.todo.steps.runners.RunnerTest" time="27.196">
    <failure message="no such element: Unable to locate element: {&quot;method&quot;:&quot;css selector&quot;,&quot;selector&quot;:&quot;[data-testid=add]&quot;}&#10;  (Session info: chrome=143.0.7499.194)&#10;For documentation on this error, please visit: https://www.selenium.dev/documentation/webdriver/troubleshooting/errors#no-such-element-exception&#10;Build info: version: &apos;4.12.1&apos;, revision: &apos;8e34639b11&apos;&#10;System info: os.name: &apos;Windows 10&apos;, os.arch: &apos;amd64&apos;, os.version: &apos;10.0&apos;, java.version: &apos;17.0.17&apos;&#10;Driver info: org.openqa.selenium.chrome.ChromeDriver&#10;Command: [de1ba6a0a7b323ca95884f13f45ab0b5, findElement {using=css selector, value=[data-testid=add]}]&#10;Capabilities {acceptInsecureCerts: false, browserName: chrome, browserVersion: 143.0.7499.194, chrome: {chromedriverVersion: 143.0.7499.192 (be2c1f4fd45..., userDataDir: C:\Users\LENOVO\AppData\Loc...}, fedcm:accounts: true, goog:chromeOptions: {debuggerAddress: localhost:53267}, goog:processID: 18628, networkConnectionEnabled: false, pageLoadStrategy: normal, platformName: windows, proxy: Proxy(), se:cdp: ws://localhost:53267/devtoo..., se:cdpVersion: 143.0.7499.194, setWindowRect: true, strictFileInteractability: false, timeouts: {implicit: 0, pageLoad: 300000, script: 30000}, unhandledPromptBehavior: dismiss and notify, webauthn:extension:credBlob: true, webauthn:extension:largeBlob: true, webauthn:extension:minPinLength: true, webauthn:extension:prf: true, webauthn:virtualAuthenticators: true}&#10;Session ID: de1ba6a0a7b323ca95884f13f45ab0b5" type="org.openqa.selenium.NoSuchElementException"><![CDATA[org.openqa.selenium.NoSuchElementException: 
no such element: Unable to locate element: {"method":"css selector","selector":"[data-testid=add]"}
  (Session info: chrome=143.0.7499.194)
For documentation on this error, please visit: https://www.selenium.dev/documentation/webdriver/troubleshooting/errors#no-such-element-exception
Build info: version: '4.12.1', revision: '8e34639b11'
System info: os.name: 'Windows 10', os.arch: 'amd64', os.version: '10.0', java.version: '17.0.17'
Driver info: org.openqa.selenium.chrome.ChromeDriver
Command: [de1ba6a0a7b323ca95884f13f45ab0b5, findElement {using=css selector, value=[data-testid=add]}]
Capabilities {acceptInsecureCerts: false, browserName: chrome, browserVersion: 143.0.7499.194, chrome: {chromedriverVersion: 143.0.7499.192 (be2c1f4fd45..., userDataDir: C:\Users\LENOVO\AppData\Loc...}, fedcm:accounts: true, goog:chromeOptions: {debuggerAddress: localhost:53267}, goog:processID: 18628, networkConnectionEnabled: false, pageLoadStrategy: normal, platformName: windows, proxy: Proxy(), se:cdp: ws://localhost:53267/devtoo..., se:cdpVersion: 143.0.7499.194, setWindowRect: true, strictFileInteractability: false, timeouts: {implicit: 0, pageLoad: 300000, script: 30000}, unhandledPromptBehavior: dismiss and notify, webauthn:extension:credBlob: true, webauthn:extension:largeBlob: true, webauthn:extension:minPinLength: true, webauthn:extension:prf: true, webauthn:virtualAuthenticators: true}
Session ID: de1ba6a0a7b323ca95884f13f45ab0b5
	at java.base/jdk.internal.reflect.NativeConstructorAccessorImpl.newInstance0(Native Method)
	at java.base/jdk.internal.reflect.NativeConstructorAccessorImpl.newInstance(NativeConstructorAccessorImpl.java:77)
	at java.base/jdk.internal.reflect.DelegatingConstructorAccessorImpl.newInstance(DelegatingConstructorAccessorImpl.java:45)
	at java.base/java.lang.reflect.Constructor.newInstanceWithCaller(Constructor.java:500)
	at java.base/java.lang.reflect.Constructor.newInstance(Constructor.java:481)
	at org.openqa.selenium.remote.codec.w3c.W3CHttpResponseCodec.createException(W3CHttpResponseCodec.java:200)
	at org.openqa.selenium.remote.codec.w3c.W3CHttpResponseCodec.decode(W3CHttpResponseCodec.java:133)
	at org.openqa.selenium.remote.codec.w3c.W3CHttpResponseCodec.decode(W3CHttpResponseCodec.java:52)
	at org.openqa.selenium.remote.HttpCommandExecutor.execute(HttpCommandExecutor.java:191)
	at org.openqa.selenium.remote.service.DriverCommandExecutor.invokeExecute(DriverCommandExecutor.java:196)
	at org.openqa.selenium.remote.service.DriverCommandExecutor.execute(DriverCommandExecutor.java:171)
	at org.openqa.selenium.remote.RemoteWebDriver.execute(RemoteWebDriver.java:602)
	at org.openqa.selenium.remote.ElementLocation$ElementFinder$2.findElement(ElementLocation.java:165)
	at org.openqa.selenium.remote.ElementLocation.findElement(ElementLocation.java:59)
	at org.openqa.selenium.remote.RemoteWebDriver.findElement(RemoteWebDriver.java:359)
	at org.openqa.selenium.remote.RemoteWebDriver.findElement(RemoteWebDriver.java:353)
	at com.qacart.todo.steps.pages.DeleteTodoPage.DeleteTodo(DeleteTodoPage.java:26)
	at com.qacart.todo.steps.DeleteTodoSteps.UserIsInTheAddTodoPage(DeleteTodoSteps.java:24)
	at ✽.User is in the add todo page(file:///C:/Users/LENOVO/Desktop/QA_Plateforme/ui/src/test/resources/features/deleteTodo.feature:4)
]]></failure>
    <system-out><![CDATA[
@smoke
Scenario: User should be able delete todo # src/test/resources/features/deleteTodo.feature:3
  Given User is in the add todo page      # com.qacart.todo.steps.DeleteTodoSteps.UserIsInTheAddTodoPage()
      org.openqa.selenium.NoSuchElementException: no such element: Unable to locate element: {"method":"css selector","selector":"[data-testid=add]"}
  (Session info: chrome=143.0.7499.194)
For documentation on this error, please visit: https://www.selenium.dev/documentation/webdriver/troubleshooting/errors#no-such-element-exception
Build info: version: '4.12.1', revision: '8e34639b11'
System info: os.name: 'Windows 10', os.arch: 'amd64', os.version: '10.0', java.version: '17.0.17'
Driver info: org.openqa.selenium.chrome.ChromeDriver
Command: [de1ba6a0a7b323ca95884f13f45ab0b5, findElement {using=css selector, value=[data-testid=add]}]
Capabilities {acceptInsecureCerts: false, browserName: chrome, browserVersion: 143.0.7499.194, chrome: {chromedriverVersion: 143.0.7499.192 (be2c1f4fd45..., userDataDir: C:\Users\LENOVO\AppData\Loc...}, fedcm:accounts: true, goog:chromeOptions: {debuggerAddress: localhost:53267}, goog:processID: 18628, networkConnectionEnabled: false, pageLoadStrategy: normal, platformName: windows, proxy: Proxy(), se:cdp: ws://localhost:53267/devtoo..., se:cdpVersion: 143.0.7499.194, setWindowRect: true, strictFileInteractability: false, timeouts: {implicit: 0, pageLoad: 300000, script: 30000}, unhandledPromptBehavior: dismiss and notify, webauthn:extension:credBlob: true, webauthn:extension:largeBlob: true, webauthn:extension:minPinLength: true, webauthn:extension:prf: true, webauthn:virtualAuthenticators: true}
Session ID: de1ba6a0a7b323ca95884f13f45ab0b5
	at java.base/jdk.internal.reflect.NativeConstructorAccessorImpl.newInstance0(Native Method)
	at java.base/jdk.internal.reflect.NativeConstructorAccessorImpl.newInstance(NativeConstructorAccessorImpl.java:77)
	at java.base/jdk.internal.reflect.DelegatingConstructorAccessorImpl.newInstance(DelegatingConstructorAccessorImpl.java:45)
	at java.base/java.lang.reflect.Constructor.newInstanceWithCaller(Constructor.java:500)
	at java.base/java.lang.reflect.Constructor.newInstance(Constructor.java:481)
	at org.openqa.selenium.remote.codec.w3c.W3CHttpResponseCodec.createException(W3CHttpResponseCodec.java:200)
	at org.openqa.selenium.remote.codec.w3c.W3CHttpResponseCodec.decode(W3CHttpResponseCodec.java:133)
	at org.openqa.selenium.remote.codec.w3c.W3CHttpResponseCodec.decode(W3CHttpResponseCodec.java:52)
	at org.openqa.selenium.remote.HttpCommandExecutor.execute(HttpCommandExecutor.java:191)
	at org.openqa.selenium.remote.service.DriverCommandExecutor.invokeExecute(DriverCommandExecutor.java:196)
	at org.openqa.selenium.remote.service.DriverCommandExecutor.execute(DriverCommandExecutor.java:171)
	at org.openqa.selenium.remote.RemoteWebDriver.execute(RemoteWebDriver.java:602)
	at org.openqa.selenium.remote.ElementLocation$ElementFinder$2.findElement(ElementLocation.java:165)
	at org.openqa.selenium.remote.ElementLocation.findElement(ElementLocation.java:59)
	at org.openqa.selenium.remote.RemoteWebDriver.findElement(RemoteWebDriver.java:359)
	at org.openqa.selenium.remote.RemoteWebDriver.findElement(RemoteWebDriver.java:353)
	at com.qacart.todo.steps.pages.DeleteTodoPage.DeleteTodo(DeleteTodoPage.java:26)
	at com.qacart.todo.steps.DeleteTodoSteps.UserIsInTheAddTodoPage(DeleteTodoSteps.java:24)
	at âœ½.User is in the add todo page(file:///C:/Users/LENOVO/Desktop/QA_Plateforme/ui/src/test/resources/features/deleteTodo.feature:4)


    Embedding FAILED_STEP_SCREENSHOT [image/png 31169 bytes]

  When User delete the add todo page      # com.qacart.todo.steps.DeleteTodoSteps.UserDeleteTheAddTodoPage()
  Then add todo page is delete            # com.qacart.todo.steps.DeleteTodoSteps.AddTodoPageIsDelete()
]]></system-out>
    <system-err><![CDATA[SLF4J: Failed to load class "org.slf4j.impl.StaticLoggerBinder".
SLF4J: Defaulting to no-operation (NOP) logger implementation
SLF4J: See http://www.slf4j.org/codes.html#StaticLoggerBinder for further details.
janv. 28, 2026 8:21:33 PM org.openqa.selenium.devtools.CdpVersionFinder findNearestMatch
AVERTISSEMENT: Unable to find CDP implementation matching 143
janv. 28, 2026 8:21:33 PM org.openqa.selenium.chromium.ChromiumDriver lambda$new$5
AVERTISSEMENT: Unable to find version of CDP to use for 143.0.7499.194. You may need to include a dependency on a specific version of the CDP using something similar to `org.seleniumhq.selenium:selenium-devtools-v86:4.12.1` where the version ("v86") matches the version of the chromium-based browser you're using and the version number of the artifact is the same as Selenium's.
]]></system-err>
  </testcase>
  <testcase name="runScenario[&quot;User should be able to signup&quot;, &quot;Signup Feature&quot;](2)" classname="com.qacart.todo.steps.runners.RunnerTest" time="11.696">
    <system-out><![CDATA[
@smoke
Scenario: User should be able to signup                                                                       # src/test/resources/features/signup.feature:3
  Given User is in the signup page                                                                            # com.qacart.todo.steps.SignupSteps.UserIsInTheSignupPage()
  When User fill the "Faysal" and "Testing" and "faical@exemple.com" and "1234AZE" and "1234AZE" in the field # com.qacart.todo.steps.SignupSteps.UserFillTheFirstnameAndLastnameAndEmailAndPasswordAndConfirmPasswordInTheField(java.lang.String,java.lang.String,java.lang.String,java.lang.String,java.lang.String)
  Then Signup is done correctly                                                                               # com.qacart.todo.steps.SignupSteps.SignupIsDoneCorrectly()
]]></system-out>
    <system-err><![CDATA[janv. 28, 2026 8:21:55 PM org.openqa.selenium.devtools.CdpVersionFinder findNearestMatch
AVERTISSEMENT: Unable to find CDP implementation matching 143
janv. 28, 2026 8:21:55 PM org.openqa.selenium.chromium.ChromiumDriver lambda$new$5
AVERTISSEMENT: Unable to find version of CDP to use for 143.0.7499.194. You may need to include a dependency on a specific version of the CDP using something similar to `org.seleniumhq.selenium:selenium-devtools-v86:4.12.1` where the version ("v86") matches the version of the chromium-based browser you're using and the version number of the artifact is the same as Selenium's.
]]></system-err>
  </testcase>
  <testcase name="runScenario[&quot;fill in the information requested to create the invalid account&quot;, &quot;signupNONRegressionSteps Feature&quot;](3)" classname="com.qacart.todo.steps.runners.RunnerTest" time="10.896">
    <system-out><![CDATA[
@regression
Scenario Outline: fill in the information requested to create the invalid account                        # src/test/resources/features/signupNONRegression.feature:10
  Given User is in the signupNONReg page                                                                 # com.qacart.todo.steps.signupNONRegressionSteps.UserIsInTheSignupNONReg_page()
  And User2 fill the "Faysal" and "Ghanem" and "fa.khag@hotmail.fr" and "12345" and "12345" in the field # com.qacart.todo.steps.signupNONRegressionSteps.User2FillTheFirstnameAndLastnameAndEmailAndPasswordAndConfirmPasswordInTheField(java.lang.String,java.lang.String,java.lang.String,java.lang.String,java.lang.String)
  Then GOOD2 AFTERNOON EE should be visible                                                              # com.qacart.todo.steps.signupNONRegressionSteps.GOOD2AFTERNOONEEshouldbevisible()
]]></system-out>
    <system-err><![CDATA[janv. 28, 2026 8:22:06 PM org.openqa.selenium.devtools.CdpVersionFinder findNearestMatch
AVERTISSEMENT: Unable to find CDP implementation matching 143
janv. 28, 2026 8:22:06 PM org.openqa.selenium.chromium.ChromiumDriver lambda$new$5
AVERTISSEMENT: Unable to find version of CDP to use for 143.0.7499.194. You may need to include a dependency on a specific version of the CDP using something similar to `org.seleniumhq.selenium:selenium-devtools-v86:4.12.1` where the version ("v86") matches the version of the chromium-based browser you're using and the version number of the artifact is the same as Selenium's.
]]></system-err>
  </testcase>
  <testcase name="runScenario[&quot;fill in the information requested to create the invalid account&quot;, &quot;signupNONRegressionSteps Feature&quot;](4)" classname="com.qacart.todo.steps.runners.RunnerTest" time="11.247">
    <system-out><![CDATA[
@regression
Scenario Outline: fill in the information requested to create the invalid account                   # src/test/resources/features/signupNONRegression.feature:11
  Given User is in the signupNONReg page                                                            # com.qacart.todo.steps.signupNONRegressionSteps.UserIsInTheSignupNONReg_page()
  And User2 fill the "Rami" and "Ghanem" and "fa.kha@hotmail.fr" and "FA12" and "FA12" in the field # com.qacart.todo.steps.signupNONRegressionSteps.User2FillTheFirstnameAndLastnameAndEmailAndPasswordAndConfirmPasswordInTheField(java.lang.String,java.lang.String,java.lang.String,java.lang.String,java.lang.String)
  Then GOOD2 AFTERNOON EE should be visible                                                         # com.qacart.todo.steps.signupNONRegressionSteps.GOOD2AFTERNOONEEshouldbevisible()
]]></system-out>
    <system-err><![CDATA[janv. 28, 2026 8:22:17 PM org.openqa.selenium.devtools.CdpVersionFinder findNearestMatch
AVERTISSEMENT: Unable to find CDP implementation matching 143
janv. 28, 2026 8:22:18 PM org.openqa.selenium.chromium.ChromiumDriver lambda$new$5
AVERTISSEMENT: Unable to find version of CDP to use for 143.0.7499.194. You may need to include a dependency on a specific version of the CDP using something similar to `org.seleniumhq.selenium:selenium-devtools-v86:4.12.1` where the version ("v86") matches the version of the chromium-based browser you're using and the version number of the artifact is the same as Selenium's.
]]></system-err>
  </testcase>
  <testcase name="runScenario[&quot;fill in the information requested to create the invalid account&quot;, &quot;signupNONRegressionSteps Feature&quot;](5)" classname="com.qacart.todo.steps.runners.RunnerTest" time="10.301">
    <system-out><![CDATA[
@regression
Scenario Outline: fill in the information requested to create the invalid account                    # src/test/resources/features/signupNONRegression.feature:12
  Given User is in the signupNONReg page                                                             # com.qacart.todo.steps.signupNONRegressionSteps.UserIsInTheSignupNONReg_page()
  And User2 fill the "Faysal" and "Khazr" and "fa.kha@hotmail.fr" and "FA12" and "FA12" in the field # com.qacart.todo.steps.signupNONRegressionSteps.User2FillTheFirstnameAndLastnameAndEmailAndPasswordAndConfirmPasswordInTheField(java.lang.String,java.lang.String,java.lang.String,java.lang.String,java.lang.String)
  Then GOOD2 AFTERNOON EE should be visible                                                          # com.qacart.todo.steps.signupNONRegressionSteps.GOOD2AFTERNOONEEshouldbevisible()
]]></system-out>
    <system-err><![CDATA[janv. 28, 2026 8:22:29 PM org.openqa.selenium.devtools.CdpVersionFinder findNearestMatch
AVERTISSEMENT: Unable to find CDP implementation matching 143
janv. 28, 2026 8:22:29 PM org.openqa.selenium.chromium.ChromiumDriver lambda$new$5
AVERTISSEMENT: Unable to find version of CDP to use for 143.0.7499.194. You may need to include a dependency on a specific version of the CDP using something similar to `org.seleniumhq.selenium:selenium-devtools-v86:4.12.1` where the version ("v86") matches the version of the chromium-based browser you're using and the version number of the artifact is the same as Selenium's.
]]></system-err>
  </testcase>
  <testcase name="runScenario[&quot;fill in the information requested to create the invalid account&quot;, &quot;signupNONRegressionSteps Feature&quot;](6)" classname="com.qacart.todo.steps.runners.RunnerTest" time="12.063">
    <system-out><![CDATA[
@regression
Scenario Outline: fill in the information requested to create the invalid account                   # src/test/resources/features/signupNONRegression.feature:13
  Given User is in the signupNONReg page                                                            # com.qacart.todo.steps.signupNONRegressionSteps.UserIsInTheSignupNONReg_page()
  And User2 fill the "Faysal" and "Ghanem" and "ga.r@hotmail.fr" and "FA12" and "FA12" in the field # com.qacart.todo.steps.signupNONRegressionSteps.User2FillTheFirstnameAndLastnameAndEmailAndPasswordAndConfirmPasswordInTheField(java.lang.String,java.lang.String,java.lang.String,java.lang.String,java.lang.String)
  Then GOOD2 AFTERNOON EE should be visible                                                         # com.qacart.todo.steps.signupNONRegressionSteps.GOOD2AFTERNOONEEshouldbevisible()
]]></system-out>
    <system-err><![CDATA[janv. 28, 2026 8:22:38 PM org.openqa.selenium.devtools.CdpVersionFinder findNearestMatch
AVERTISSEMENT: Unable to find CDP implementation matching 143
janv. 28, 2026 8:22:38 PM org.openqa.selenium.chromium.ChromiumDriver lambda$new$5
AVERTISSEMENT: Unable to find version of CDP to use for 143.0.7499.194. You may need to include a dependency on a specific version of the CDP using something similar to `org.seleniumhq.selenium:selenium-devtools-v86:4.12.1` where the version ("v86") matches the version of the chromium-based browser you're using and the version number of the artifact is the same as Selenium's.
]]></system-err>
  </testcase>
  <testcase name="runScenario[&quot;fill in the information requested to create the invalid account&quot;, &quot;signupNONRegressionSteps Feature&quot;](7)" classname="com.qacart.todo.steps.runners.RunnerTest" time="12.67">
    <system-out><![CDATA[
@regression
Scenario Outline: fill in the information requested to create the invalid account                   # src/test/resources/features/signupNONRegression.feature:14
  Given User is in the signupNONReg page                                                            # com.qacart.todo.steps.signupNONRegressionSteps.UserIsInTheSignupNONReg_page()
  And User2 fill the "Faysal" and "Ghanem" and "fa.kha@hotmail.fr" and "FA1" and "FA1" in the field # com.qacart.todo.steps.signupNONRegressionSteps.User2FillTheFirstnameAndLastnameAndEmailAndPasswordAndConfirmPasswordInTheField(java.lang.String,java.lang.String,java.lang.String,java.lang.String,java.lang.String)
  Then GOOD2 AFTERNOON EE should be visible                                                         # com.qacart.todo.steps.signupNONRegressionSteps.GOOD2AFTERNOONEEshouldbevisible()
]]></system-out>
    <system-err><![CDATA[janv. 28, 2026 8:22:51 PM org.openqa.selenium.devtools.CdpVersionFinder findNearestMatch
AVERTISSEMENT: Unable to find CDP implementation matching 143
janv. 28, 2026 8:22:51 PM org.openqa.selenium.chromium.ChromiumDriver lambda$new$5
AVERTISSEMENT: Unable to find version of CDP to use for 143.0.7499.194. You may need to include a dependency on a specific version of the CDP using something similar to `org.seleniumhq.selenium:selenium-devtools-v86:4.12.1` where the version ("v86") matches the version of the chromium-based browser you're using and the version number of the artifact is the same as Selenium's.
]]></system-err>
  </testcase>
  <testcase name="runScenario[&quot;fill in the information requested to create the invalid account&quot;, &quot;signupNONRegressionSteps Feature&quot;](8)" classname="com.qacart.todo.steps.runners.RunnerTest" time="12.904">
    <system-out><![CDATA[
@regression
Scenario Outline: fill in the information requested to create the invalid account                     # src/test/resources/features/signupNONRegression.feature:15
  Given User is in the signupNONReg page                                                              # com.qacart.todo.steps.signupNONRegressionSteps.UserIsInTheSignupNONReg_page()
  And User2 fill the "Faysal" and "Ghanem" and "fa.kha@hotmail.fr" and "FA12" and "FA13" in the field # com.qacart.todo.steps.signupNONRegressionSteps.User2FillTheFirstnameAndLastnameAndEmailAndPasswordAndConfirmPasswordInTheField(java.lang.String,java.lang.String,java.lang.String,java.lang.String,java.lang.String)
  Then GOOD2 AFTERNOON EE should be visible                                                           # com.qacart.todo.steps.signupNONRegressionSteps.GOOD2AFTERNOONEEshouldbevisible()
]]></system-out>
    <system-err><![CDATA[janv. 28, 2026 8:23:04 PM org.openqa.selenium.devtools.CdpVersionFinder findNearestMatch
AVERTISSEMENT: Unable to find CDP implementation matching 143
janv. 28, 2026 8:23:04 PM org.openqa.selenium.chromium.ChromiumDriver lambda$new$5
AVERTISSEMENT: Unable to find version of CDP to use for 143.0.7499.194. You may need to include a dependency on a specific version of the CDP using something similar to `org.seleniumhq.selenium:selenium-devtools-v86:4.12.1` where the version ("v86") matches the version of the chromium-based browser you're using and the version number of the artifact is the same as Selenium's.
]]></system-err>
  </testcase>
  <testcase name="runScenario[&quot;fill in the information requested to create the invalid account&quot;, &quot;signupNONRegressionSteps Feature&quot;](9)" classname="com.qacart.todo.steps.runners.RunnerTest" time="13.755">
    <system-out><![CDATA[
@regression
Scenario Outline: fill in the information requested to create the invalid account                  # src/test/resources/features/signupNONRegression.feature:16
  Given User is in the signupNONReg page                                                           # com.qacart.todo.steps.signupNONRegressionSteps.UserIsInTheSignupNONReg_page()
  And User2 fill the "Fay" and "Ghanmi" and "kha.ga@hotmail.fr" and "FA42" and "FA59" in the field # com.qacart.todo.steps.signupNONRegressionSteps.User2FillTheFirstnameAndLastnameAndEmailAndPasswordAndConfirmPasswordInTheField(java.lang.String,java.lang.String,java.lang.String,java.lang.String,java.lang.String)
  Then GOOD2 AFTERNOON EE should be visible                                                        # com.qacart.todo.steps.signupNONRegressionSteps.GOOD2AFTERNOONEEshouldbevisible()
]]></system-out>
    <system-err><![CDATA[janv. 28, 2026 8:23:17 PM org.openqa.selenium.devtools.CdpVersionFinder findNearestMatch
AVERTISSEMENT: Unable to find CDP implementation matching 143
janv. 28, 2026 8:23:17 PM org.openqa.selenium.chromium.ChromiumDriver lambda$new$5
AVERTISSEMENT: Unable to find version of CDP to use for 143.0.7499.194. You may need to include a dependency on a specific version of the CDP using something similar to `org.seleniumhq.selenium:selenium-devtools-v86:4.12.1` where the version ("v86") matches the version of the chromium-based browser you're using and the version number of the artifact is the same as Selenium's.
]]></system-err>
  </testcase>
  <testcase name="runScenario[&quot;User should be able add a todo&quot;, &quot;Todo Feature&quot;](10)" classname="com.qacart.todo.steps.runners.RunnerTest" time="16.707">
    <failure message="no such element: Unable to locate element: {&quot;method&quot;:&quot;css selector&quot;,&quot;selector&quot;:&quot;[data-testid=add]&quot;}&#10;  (Session info: chrome=143.0.7499.194)&#10;For documentation on this error, please visit: https://www.selenium.dev/documentation/webdriver/troubleshooting/errors#no-such-element-exception&#10;Build info: version: &apos;4.12.1&apos;, revision: &apos;8e34639b11&apos;&#10;System info: os.name: &apos;Windows 10&apos;, os.arch: &apos;amd64&apos;, os.version: &apos;10.0&apos;, java.version: &apos;17.0.17&apos;&#10;Driver info: org.openqa.selenium.chrome.ChromeDriver&#10;Command: [002cf4f40666bfa0acdc99e0f93136e4, findElement {using=css selector, value=[data-testid=add]}]&#10;Capabilities {acceptInsecureCerts: false, browserName: chrome, browserVersion: 143.0.7499.194, chrome: {chromedriverVersion: 143.0.7499.192 (be2c1f4fd45..., userDataDir: C:\Users\LENOVO\AppData\Loc...}, fedcm:accounts: true, goog:chromeOptions: {debuggerAddress: localhost:53780}, goog:processID: 27656, networkConnectionEnabled: false, pageLoadStrategy: normal, platformName: windows, proxy: Proxy(), se:cdp: ws://localhost:53780/devtoo..., se:cdpVersion: 143.0.7499.194, setWindowRect: true, strictFileInteractability: false, timeouts: {implicit: 0, pageLoad: 300000, script: 30000}, unhandledPromptBehavior: dismiss and notify, webauthn:extension:credBlob: true, webauthn:extension:largeBlob: true, webauthn:extension:minPinLength: true, webauthn:extension:prf: true, webauthn:virtualAuthenticators: true}&#10;Session ID: 002cf4f40666bfa0acdc99e0f93136e4" type="org.openqa.selenium.NoSuchElementException"><![CDATA[org.openqa.selenium.NoSuchElementException: 
no such element: Unable to locate element: {"method":"css selector","selector":"[data-testid=add]"}
  (Session info: chrome=143.0.7499.194)
For documentation on this error, please visit: https://www.selenium.dev/documentation/webdriver/troubleshooting/errors#no-such-element-exception
Build info: version: '4.12.1', revision: '8e34639b11'
System info: os.name: 'Windows 10', os.arch: 'amd64', os.version: '10.0', java.version: '17.0.17'
Driver info: org.openqa.selenium.chrome.ChromeDriver
Command: [002cf4f40666bfa0acdc99e0f93136e4, findElement {using=css selector, value=[data-testid=add]}]
Capabilities {acceptInsecureCerts: false, browserName: chrome, browserVersion: 143.0.7499.194, chrome: {chromedriverVersion: 143.0.7499.192 (be2c1f4fd45..., userDataDir: C:\Users\LENOVO\AppData\Loc...}, fedcm:accounts: true, goog:chromeOptions: {debuggerAddress: localhost:53780}, goog:processID: 27656, networkConnectionEnabled: false, pageLoadStrategy: normal, platformName: windows, proxy: Proxy(), se:cdp: ws://localhost:53780/devtoo..., se:cdpVersion: 143.0.7499.194, setWindowRect: true, strictFileInteractability: false, timeouts: {implicit: 0, pageLoad: 300000, script: 30000}, unhandledPromptBehavior: dismiss and notify, webauthn:extension:credBlob: true, webauthn:extension:largeBlob: true, webauthn:extension:minPinLength: true, webauthn:extension:prf: true, webauthn:virtualAuthenticators: true}
Session ID: 002cf4f40666bfa0acdc99e0f93136e4
	at java.base/jdk.internal.reflect.NativeConstructorAccessorImpl.newInstance0(Native Method)
	at java.base/jdk.internal.reflect.NativeConstructorAccessorImpl.newInstance(NativeConstructorAccessorImpl.java:77)
	at java.base/jdk.internal.reflect.DelegatingConstructorAccessorImpl.newInstance(DelegatingConstructorAccessorImpl.java:45)
	at java.base/java.lang.reflect.Constructor.newInstanceWithCaller(Constructor.java:500)
	at java.base/java.lang.reflect.Constructor.newInstance(Constructor.java:481)
	at org.openqa.selenium.remote.codec.w3c.W3CHttpResponseCodec.createException(W3CHttpResponseCodec.java:200)
	at org.openqa.selenium.remote.codec.w3c.W3CHttpResponseCodec.decode(W3CHttpResponseCodec.java:133)
	at org.openqa.selenium.remote.codec.w3c.W3CHttpResponseCodec.decode(W3CHttpResponseCodec.java:52)
	at org.openqa.selenium.remote.HttpCommandExecutor.execute(HttpCommandExecutor.java:191)
	at org.openqa.selenium.remote.service.DriverCommandExecutor.invokeExecute(DriverCommandExecutor.java:196)
	at org.openqa.selenium.remote.service.DriverCommandExecutor.execute(DriverCommandExecutor.java:171)
	at org.openqa.selenium.remote.RemoteWebDriver.execute(RemoteWebDriver.java:602)
	at org.openqa.selenium.remote.ElementLocation$ElementFinder$2.findElement(ElementLocation.java:165)
	at org.openqa.selenium.remote.ElementLocation.findElement(ElementLocation.java:59)
	at org.openqa.selenium.remote.RemoteWebDriver.findElement(RemoteWebDriver.java:359)
	at org.openqa.selenium.remote.RemoteWebDriver.findElement(RemoteWebDriver.java:353)
	at com.qacart.todo.steps.pages.TodoPage.ClickOnPlusButtonAdd(TodoPage.java:28)
	at com.qacart.todo.steps.TodoSteps.userAddANewTodo(TodoSteps.java:31)
	at ✽.User add a new todo(file:///C:/Users/LENOVO/Desktop/QA_Plateforme/ui/src/test/resources/features/todo.feature:5)
]]></failure>
    <system-out><![CDATA[
@regression
Scenario: User should be able add a todo # src/test/resources/features/todo.feature:3
  Given User is in the todo page         # com.qacart.todo.steps.TodoSteps.userIsInTheTodoPage()
  When User add a new todo               # com.qacart.todo.steps.TodoSteps.userAddANewTodo()
      org.openqa.selenium.NoSuchElementException: no such element: Unable to locate element: {"method":"css selector","selector":"[data-testid=add]"}
  (Session info: chrome=143.0.7499.194)
For documentation on this error, please visit: https://www.selenium.dev/documentation/webdriver/troubleshooting/errors#no-such-element-exception
Build info: version: '4.12.1', revision: '8e34639b11'
System info: os.name: 'Windows 10', os.arch: 'amd64', os.version: '10.0', java.version: '17.0.17'
Driver info: org.openqa.selenium.chrome.ChromeDriver
Command: [002cf4f40666bfa0acdc99e0f93136e4, findElement {using=css selector, value=[data-testid=add]}]
Capabilities {acceptInsecureCerts: false, browserName: chrome, browserVersion: 143.0.7499.194, chrome: {chromedriverVersion: 143.0.7499.192 (be2c1f4fd45..., userDataDir: C:\Users\LENOVO\AppData\Loc...}, fedcm:accounts: true, goog:chromeOptions: {debuggerAddress: localhost:53780}, goog:processID: 27656, networkConnectionEnabled: false, pageLoadStrategy: normal, platformName: windows, proxy: Proxy(), se:cdp: ws://localhost:53780/devtoo..., se:cdpVersion: 143.0.7499.194, setWindowRect: true, strictFileInteractability: false, timeouts: {implicit: 0, pageLoad: 300000, script: 30000}, unhandledPromptBehavior: dismiss and notify, webauthn:extension:credBlob: true, webauthn:extension:largeBlob: true, webauthn:extension:minPinLength: true, webauthn:extension:prf: true, webauthn:virtualAuthenticators: true}
Session ID: 002cf4f40666bfa0acdc99e0f93136e4
	at java.base/jdk.internal.reflect.NativeConstructorAccessorImpl.newInstance0(Native Method)
	at java.base/jdk.internal.reflect.NativeConstructorAccessorImpl.newInstance(NativeConstructorAccessorImpl.java:77)
	at java.base/jdk.internal.reflect.DelegatingConstructorAccessorImpl.newInstance(DelegatingConstructorAccessorImpl.java:45)
	at java.base/java.lang.reflect.Constructor.newInstanceWithCaller(Constructor.java:500)
	at java.base/java.lang.reflect.Constructor.newInstance(Constructor.java:481)
	at org.openqa.selenium.remote.codec.w3c.W3CHttpResponseCodec.createException(W3CHttpResponseCodec.java:200)
	at org.openqa.selenium.remote.codec.w3c.W3CHttpResponseCodec.decode(W3CHttpResponseCodec.java:133)
	at org.openqa.selenium.remote.codec.w3c.W3CHttpResponseCodec.decode(W3CHttpResponseCodec.java:52)
	at org.openqa.selenium.remote.HttpCommandExecutor.execute(HttpCommandExecutor.java:191)
	at org.openqa.selenium.remote.service.DriverCommandExecutor.invokeExecute(DriverCommandExecutor.java:196)
	at org.openqa.selenium.remote.service.DriverCommandExecutor.execute(DriverCommandExecutor.java:171)
	at org.openqa.selenium.remote.RemoteWebDriver.execute(RemoteWebDriver.java:602)
	at org.openqa.selenium.remote.ElementLocation$ElementFinder$2.findElement(ElementLocation.java:165)
	at org.openqa.selenium.remote.ElementLocation.findElement(ElementLocation.java:59)
	at org.openqa.selenium.remote.RemoteWebDriver.findElement(RemoteWebDriver.java:359)
	at org.openqa.selenium.remote.RemoteWebDriver.findElement(RemoteWebDriver.java:353)
	at com.qacart.todo.steps.pages.TodoPage.ClickOnPlusButtonAdd(TodoPage.java:28)
	at com.qacart.todo.steps.TodoSteps.userAddANewTodo(TodoSteps.java:31)
	at âœ½.User add a new todo(file:///C:/Users/LENOVO/Desktop/QA_Plateforme/ui/src/test/resources/features/todo.feature:5)


    Embedding FAILED_STEP_SCREENSHOT [image/png 31169 bytes]

  Then Todo should added correctly       # com.qacart.todo.steps.TodoSteps.TodoShouldAddedCorrectly()
]]></system-out>
    <system-err><![CDATA[janv. 28, 2026 8:23:30 PM org.openqa.selenium.devtools.CdpVersionFinder findNearestMatch
AVERTISSEMENT: Unable to find CDP implementation matching 143
janv. 28, 2026 8:23:30 PM org.openqa.selenium.chromium.ChromiumDriver lambda$new$5
AVERTISSEMENT: Unable to find version of CDP to use for 143.0.7499.194. You may need to include a dependency on a specific version of the CDP using something similar to `org.seleniumhq.selenium:selenium-devtools-v86:4.12.1` where the version ("v86") matches the version of the chromium-based browser you're using and the version number of the artifact is the same as Selenium's.
]]></system-err>
  </testcase>
  <testcase name="runScenario[&quot;User should be able to login&quot;, &quot;User Feature&quot;](11)" classname="com.qacart.todo.steps.runners.RunnerTest" time="15.243">
    <failure message="no such element: Unable to locate element: {&quot;method&quot;:&quot;css selector&quot;,&quot;selector&quot;:&quot;[data-testid=&quot;welcome&quot;]&quot;}&#10;  (Session info: chrome=143.0.7499.194)&#10;For documentation on this error, please visit: https://www.selenium.dev/documentation/webdriver/troubleshooting/errors#no-such-element-exception&#10;Build info: version: &apos;4.12.1&apos;, revision: &apos;8e34639b11&apos;&#10;System info: os.name: &apos;Windows 10&apos;, os.arch: &apos;amd64&apos;, os.version: &apos;10.0&apos;, java.version: &apos;17.0.17&apos;&#10;Driver info: org.openqa.selenium.chrome.ChromeDriver&#10;Command: [0ab1cda33555c5328f63e8314b0f7cce, findElement {using=css selector, value=[data-testid=&quot;welcome&quot;]}]&#10;Capabilities {acceptInsecureCerts: false, browserName: chrome, browserVersion: 143.0.7499.194, chrome: {chromedriverVersion: 143.0.7499.192 (be2c1f4fd45..., userDataDir: C:\Users\LENOVO\AppData\Loc...}, fedcm:accounts: true, goog:chromeOptions: {debuggerAddress: localhost:53846}, goog:processID: 19680, networkConnectionEnabled: false, pageLoadStrategy: normal, platformName: windows, proxy: Proxy(), se:cdp: ws://localhost:53846/devtoo..., se:cdpVersion: 143.0.7499.194, setWindowRect: true, strictFileInteractability: false, timeouts: {implicit: 0, pageLoad: 300000, script: 30000}, unhandledPromptBehavior: dismiss and notify, webauthn:extension:credBlob: true, webauthn:extension:largeBlob: true, webauthn:extension:minPinLength: true, webauthn:extension:prf: true, webauthn:virtualAuthenticators: true}&#10;Session ID: 0ab1cda33555c5328f63e8314b0f7cce" type="org.openqa.selenium.NoSuchElementException"><![CDATA[org.openqa.selenium.NoSuchElementException: 
no such element: Unable to locate element: {"method":"css selector","selector":"[data-testid="welcome"]"}
  (Session info: chrome=143.0.7499.194)
For documentation on this error, please visit: https://www.selenium.dev/documentation/webdriver/troubleshooting/errors#no-such-element-exception
Build info: version: '4.12.1', revision: '8e34639b11'
System info: os.name: 'Windows 10', os.arch: 'amd64', os.version: '10.0', java.version: '17.0.17'
Driver info: org.openqa.selenium.chrome.ChromeDriver
Command: [0ab1cda33555c5328f63e8314b0f7cce, findElement {using=css selector, value=[data-testid="welcome"]}]
Capabilities {acceptInsecureCerts: false, browserName: chrome, browserVersion: 143.0.7499.194, chrome: {chromedriverVersion: 143.0.7499.192 (be2c1f4fd45..., userDataDir: C:\Users\LENOVO\AppData\Loc...}, fedcm:accounts: true, goog:chromeOptions: {debuggerAddress: localhost:53846}, goog:processID: 19680, networkConnectionEnabled: false, pageLoadStrategy: normal, platformName: windows, proxy: Proxy(), se:cdp: ws://localhost:53846/devtoo..., se:cdpVersion: 143.0.7499.194, setWindowRect: true, strictFileInteractability: false, timeouts: {implicit: 0, pageLoad: 300000, script: 30000}, unhandledPromptBehavior: dismiss and notify, webauthn:extension:credBlob: true, webauthn:extension:largeBlob: true, webauthn:extension:minPinLength: true, webauthn:extension:prf: true, webauthn:virtualAuthenticators: true}
Session ID: 0ab1cda33555c5328f63e8314b0f7cce
	at java.base/jdk.internal.reflect.NativeConstructorAccessorImpl.newInstance0(Native Method)
	at java.base/jdk.internal.reflect.NativeConstructorAccessorImpl.newInstance(NativeConstructorAccessorImpl.java:77)
	at java.base/jdk.internal.reflect.DelegatingConstructorAccessorImpl.newInstance(DelegatingConstructorAccessorImpl.java:45)
	at java.base/java.lang.reflect.Constructor.newInstanceWithCaller(Constructor.java:500)
	at java.base/java.lang.reflect.Constructor.newInstance(Constructor.java:481)
	at org.openqa.selenium.remote.codec.w3c.W3CHttpResponseCodec.createException(W3CHttpResponseCodec.java:200)
	at org.openqa.selenium.remote.codec.w3c.W3CHttpResponseCodec.decode(W3CHttpResponseCodec.java:133)
	at org.openqa.selenium.remote.codec.w3c.W3CHttpResponseCodec.decode(W3CHttpResponseCodec.java:52)
	at org.openqa.selenium.remote.HttpCommandExecutor.execute(HttpCommandExecutor.java:191)
	at org.openqa.selenium.remote.service.DriverCommandExecutor.invokeExecute(DriverCommandExecutor.java:196)
	at org.openqa.selenium.remote.service.DriverCommandExecutor.execute(DriverCommandExecutor.java:171)
	at org.openqa.selenium.remote.RemoteWebDriver.execute(RemoteWebDriver.java:602)
	at org.openqa.selenium.remote.ElementLocation$ElementFinder$2.findElement(ElementLocation.java:165)
	at org.openqa.selenium.remote.ElementLocation.findElement(ElementLocation.java:59)
	at org.openqa.selenium.remote.RemoteWebDriver.findElement(RemoteWebDriver.java:359)
	at org.openqa.selenium.remote.RemoteWebDriver.findElement(RemoteWebDriver.java:353)
	at com.qacart.todo.steps.pages.TodoPage.isWelcomeDisplayed(TodoPage.java:31)
	at com.qacart.todo.steps.UserSteps.welcomeMessageShouldBeDisplayed(UserSteps.java:28)
	at ✽.Welcome message should be displayed(file:///C:/Users/LENOVO/Desktop/QA_Plateforme/ui/src/test/resources/features/user.feature:6)
]]></failure>
    <system-out><![CDATA[
@smoke
Scenario: User should be able to login            # src/test/resources/features/user.feature:3
  Given User is at the login page                 # com.qacart.todo.steps.UserSteps.userIsAtTheLoginPage()
  When User fill the email and password and login # com.qacart.todo.steps.UserSteps.userFillTheEmailAndPasswordAndLogin()
  Then Welcome message should be displayed        # com.qacart.todo.steps.UserSteps.welcomeMessageShouldBeDisplayed()
      org.openqa.selenium.NoSuchElementException: no such element: Unable to locate element: {"method":"css selector","selector":"[data-testid="welcome"]"}
  (Session info: chrome=143.0.7499.194)
For documentation on this error, please visit: https://www.selenium.dev/documentation/webdriver/troubleshooting/errors#no-such-element-exception
Build info: version: '4.12.1', revision: '8e34639b11'
System info: os.name: 'Windows 10', os.arch: 'amd64', os.version: '10.0', java.version: '17.0.17'
Driver info: org.openqa.selenium.chrome.ChromeDriver
Command: [0ab1cda33555c5328f63e8314b0f7cce, findElement {using=css selector, value=[data-testid="welcome"]}]
Capabilities {acceptInsecureCerts: false, browserName: chrome, browserVersion: 143.0.7499.194, chrome: {chromedriverVersion: 143.0.7499.192 (be2c1f4fd45..., userDataDir: C:\Users\LENOVO\AppData\Loc...}, fedcm:accounts: true, goog:chromeOptions: {debuggerAddress: localhost:53846}, goog:processID: 19680, networkConnectionEnabled: false, pageLoadStrategy: normal, platformName: windows, proxy: Proxy(), se:cdp: ws://localhost:53846/devtoo..., se:cdpVersion: 143.0.7499.194, setWindowRect: true, strictFileInteractability: false, timeouts: {implicit: 0, pageLoad: 300000, script: 30000}, unhandledPromptBehavior: dismiss and notify, webauthn:extension:credBlob: true, webauthn:extension:largeBlob: true, webauthn:extension:minPinLength: true, webauthn:extension:prf: true, webauthn:virtualAuthenticators: true}
Session ID: 0ab1cda33555c5328f63e8314b0f7cce
	at java.base/jdk.internal.reflect.NativeConstructorAccessorImpl.newInstance0(Native Method)
	at java.base/jdk.internal.reflect.NativeConstructorAccessorImpl.newInstance(NativeConstructorAccessorImpl.java:77)
	at java.base/jdk.internal.reflect.DelegatingConstructorAccessorImpl.newInstance(DelegatingConstructorAccessorImpl.java:45)
	at java.base/java.lang.reflect.Constructor.newInstanceWithCaller(Constructor.java:500)
	at java.base/java.lang.reflect.Constructor.newInstance(Constructor.java:481)
	at org.openqa.selenium.remote.codec.w3c.W3CHttpResponseCodec.createException(W3CHttpResponseCodec.java:200)
	at org.openqa.selenium.remote.codec.w3c.W3CHttpResponseCodec.decode(W3CHttpResponseCodec.java:133)
	at org.openqa.selenium.remote.codec.w3c.W3CHttpResponseCodec.decode(W3CHttpResponseCodec.java:52)
	at org.openqa.selenium.remote.HttpCommandExecutor.execute(HttpCommandExecutor.java:191)
	at org.openqa.selenium.remote.service.DriverCommandExecutor.invokeExecute(DriverCommandExecutor.java:196)
	at org.openqa.selenium.remote.service.DriverCommandExecutor.execute(DriverCommandExecutor.java:171)
	at org.openqa.selenium.remote.RemoteWebDriver.execute(RemoteWebDriver.java:602)
	at org.openqa.selenium.remote.ElementLocation$ElementFinder$2.findElement(ElementLocation.java:165)
	at org.openqa.selenium.remote.ElementLocation.findElement(ElementLocation.java:59)
	at org.openqa.selenium.remote.RemoteWebDriver.findElement(RemoteWebDriver.java:359)
	at org.openqa.selenium.remote.RemoteWebDriver.findElement(RemoteWebDriver.java:353)
	at com.qacart.todo.steps.pages.TodoPage.isWelcomeDisplayed(TodoPage.java:31)
	at com.qacart.todo.steps.UserSteps.welcomeMessageShouldBeDisplayed(UserSteps.java:28)
	at âœ½.Welcome message should be displayed(file:///C:/Users/LENOVO/Desktop/QA_Plateforme/ui/src/test/resources/features/user.feature:6)


    Embedding FAILED_STEP_SCREENSHOT [image/png 31169 bytes]

]]></system-out>
    <system-err><![CDATA[janv. 28, 2026 8:23:47 PM org.openqa.selenium.devtools.CdpVersionFinder findNearestMatch
AVERTISSEMENT: Unable to find CDP implementation matching 143
janv. 28, 2026 8:23:47 PM org.openqa.selenium.chromium.ChromiumDriver lambda$new$5
AVERTISSEMENT: Unable to find version of CDP to use for 143.0.7499.194. You may need to include a dependency on a specific version of the CDP using something similar to `org.seleniumhq.selenium:selenium-devtools-v86:4.12.1` where the version ("v86") matches the version of the chromium-based browser you're using and the version number of the artifact is the same as Selenium's.
]]></system-err>
  </testcase>
</testsuite>